info: Nov-09-2021 15:58:34: 	Connesso
info: Nov-09-2021 15:58:35: 	Connesso
info: Nov-09-2021 15:58:37: 	Connesso
info: Nov-09-2021 15:58:37: 	Connesso
info: Nov-09-2021 15:58:46: 	Connesso
info: Nov-09-2021 15:58:46: 	Connesso
info: Nov-09-2021 15:59:47: 	Connesso con ||  
info: Nov-09-2021 16:00:29: 	Connesso con || [object Object] 
info: Nov-09-2021 16:04:21: 	Connesso con || [object Object] 
info: Nov-09-2021 16:18:55: 	Connesso con || [object Object] 
info: Nov-09-2021 16:22:50: 	Evento creato || {"EventCreated":{"logIndex":0,"transactionIndex":0,"transactionHash":"0x38902f2de59c4079d3d1de19fbdb37937f9f8c5e4e7451afe534e6b26b9d2ffd","blockHash":"0x2a88e9e214b1c1d0ae079224d730a31823c3f4115c78cbe4d32b6922af3ded9f","blockNumber":57,"address":"0x296E71e2c80511e9F39868A80A7037a5595B5036","type":"mined","id":"log_9647beab","returnValues":{"0":"49","1":"0x1f60a7C633DF64183c524C511BCAE908d65DD70c","eventid":"49","creator":"0x1f60a7C633DF64183c524C511BCAE908d65DD70c"},"event":"EventCreated","signature":"0xe43349c008949cf6b65249356e6f918d4aaa0ca79f2b1166df4a4a98c9c16de2","raw":{"data":"0x","topics":["0xe43349c008949cf6b65249356e6f918d4aaa0ca79f2b1166df4a4a98c9c16de2","0x0000000000000000000000000000000000000000000000000000000000000031","0x0000000000000000000000001f60a7c633df64183c524c511bcae908d65dd70c"]}},"TicketsGenerated":{"logIndex":1,"transactionIndex":0,"transactionHash":"0x38902f2de59c4079d3d1de19fbdb37937f9f8c5e4e7451afe534e6b26b9d2ffd","blockHash":"0x2a88e9e214b1c1d0ae079224d730a31823c3f4115c78cbe4d32b6922af3ded9f","blockNumber":57,"address":"0x296E71e2c80511e9F39868A80A7037a5595B5036","type":"mined","id":"log_022e9095","returnValues":{"0":"49","1":"1","2":"0x1f60a7C633DF64183c524C511BCAE908d65DD70c","eventid":"49","totalticket":"1","creator":"0x1f60a7C633DF64183c524C511BCAE908d65DD70c"},"event":"TicketsGenerated","signature":"0x6567ab497f12a760d234e0684de86536dce884c904386957d5877e165bfb32fa","raw":{"data":"0x","topics":["0x6567ab497f12a760d234e0684de86536dce884c904386957d5877e165bfb32fa","0x0000000000000000000000000000000000000000000000000000000000000031","0x0000000000000000000000000000000000000000000000000000000000000001","0x0000000000000000000000001f60a7c633df64183c524c511bcae908d65dd70c"]}}} 
info: Nov-09-2021 16:34:23: 	Connesso
info: Nov-09-2021 16:34:23: 	Connesso
info: Nov-09-2021 16:36:01: 	Connesso
info: Nov-09-2021 16:38:55: 	Evento creato || {"EventCreated":{"logIndex":0,"transactionIndex":0,"transactionHash":"0x7475a5dcc98c889e5ed0f2ff98430edadf50de51eab52a93c528248beaa4793a","blockHash":"0x1bfb681639e32733d047598cd8cc5ec1d65f2468aa31a5086218a1c04e347497","blockNumber":58,"address":"0x296E71e2c80511e9F39868A80A7037a5595B5036","type":"mined","id":"log_a801e240","returnValues":{"0":"50","1":"0x1f60a7C633DF64183c524C511BCAE908d65DD70c","eventid":"50","creator":"0x1f60a7C633DF64183c524C511BCAE908d65DD70c"},"event":"EventCreated","signature":"0xe43349c008949cf6b65249356e6f918d4aaa0ca79f2b1166df4a4a98c9c16de2","raw":{"data":"0x","topics":["0xe43349c008949cf6b65249356e6f918d4aaa0ca79f2b1166df4a4a98c9c16de2","0x0000000000000000000000000000000000000000000000000000000000000032","0x0000000000000000000000001f60a7c633df64183c524c511bcae908d65dd70c"]}},"TicketsGenerated":{"logIndex":1,"transactionIndex":0,"transactionHash":"0x7475a5dcc98c889e5ed0f2ff98430edadf50de51eab52a93c528248beaa4793a","blockHash":"0x1bfb681639e32733d047598cd8cc5ec1d65f2468aa31a5086218a1c04e347497","blockNumber":58,"address":"0x296E71e2c80511e9F39868A80A7037a5595B5036","type":"mined","id":"log_740b424e","returnValues":{"0":"50","1":"1","2":"0x1f60a7C633DF64183c524C511BCAE908d65DD70c","eventid":"50","totalticket":"1","creator":"0x1f60a7C633DF64183c524C511BCAE908d65DD70c"},"event":"TicketsGenerated","signature":"0x6567ab497f12a760d234e0684de86536dce884c904386957d5877e165bfb32fa","raw":{"data":"0x","topics":["0x6567ab497f12a760d234e0684de86536dce884c904386957d5877e165bfb32fa","0x0000000000000000000000000000000000000000000000000000000000000032","0x0000000000000000000000000000000000000000000000000000000000000001","0x0000000000000000000000001f60a7c633df64183c524c511bcae908d65dd70c"]}}} 
info: Nov-09-2021 16:41:17: 	Connesso
info: Nov-09-2021 16:41:17: 	Connesso
info: Nov-09-2021 16:58:27: 	Connesso
info: Nov-09-2021 16:58:27: 	Connesso
info: Nov-09-2021 16:58:30: 	Connesso
info: Nov-09-2021 16:58:36: 	Connesso
info: Nov-09-2021 16:58:36: 	Connesso
info: Nov-09-2021 16:58:42: 	Connesso
info: Nov-09-2021 16:58:42: 	Connesso
info: Nov-09-2021 17:12:07: 	Connesso
info: Nov-09-2021 17:12:07: 	Connesso
info: Nov-09-2021 17:12:22: 	Evento creato || {"EventCreated":{"logIndex":0,"transactionIndex":0,"transactionHash":"0xaf01bf9ba9a4aed1ebcbcd1339df3badbb08294ae3c87ce26965c9e235fbf9a0","blockHash":"0x200645d33fd4ac4cd8a77c23c4656fe114c5e312f993376c7caa63db253e84c5","blockNumber":73,"address":"0x19dC1C9A2014463Bfa68CCB158566FD9EE645348","type":"mined","id":"log_a20ece41","returnValues":{"0":"0","1":"0x1f60a7C633DF64183c524C511BCAE908d65DD70c","eventid":"0","creator":"0x1f60a7C633DF64183c524C511BCAE908d65DD70c"},"event":"EventCreated","signature":"0xe43349c008949cf6b65249356e6f918d4aaa0ca79f2b1166df4a4a98c9c16de2","raw":{"data":"0x","topics":["0xe43349c008949cf6b65249356e6f918d4aaa0ca79f2b1166df4a4a98c9c16de2","0x0000000000000000000000000000000000000000000000000000000000000000","0x0000000000000000000000001f60a7c633df64183c524c511bcae908d65dd70c"]}},"TicketsGenerated":{"logIndex":1,"transactionIndex":0,"transactionHash":"0xaf01bf9ba9a4aed1ebcbcd1339df3badbb08294ae3c87ce26965c9e235fbf9a0","blockHash":"0x200645d33fd4ac4cd8a77c23c4656fe114c5e312f993376c7caa63db253e84c5","blockNumber":73,"address":"0x19dC1C9A2014463Bfa68CCB158566FD9EE645348","type":"mined","id":"log_4be87fee","returnValues":{"0":"0","1":"2","2":"0x1f60a7C633DF64183c524C511BCAE908d65DD70c","eventid":"0","totalticket":"2","creator":"0x1f60a7C633DF64183c524C511BCAE908d65DD70c"},"event":"TicketsGenerated","signature":"0x6567ab497f12a760d234e0684de86536dce884c904386957d5877e165bfb32fa","raw":{"data":"0x","topics":["0x6567ab497f12a760d234e0684de86536dce884c904386957d5877e165bfb32fa","0x0000000000000000000000000000000000000000000000000000000000000000","0x0000000000000000000000000000000000000000000000000000000000000002","0x0000000000000000000000001f60a7c633df64183c524c511bcae908d65dd70c"]}}} 
info: Nov-09-2021 17:17:24: 	Connesso
info: Nov-09-2021 17:17:24: 	Connesso
info: Nov-09-2021 17:17:58: 	Evento creato || {"EventCreated":{"logIndex":0,"transactionIndex":0,"transactionHash":"0x72443237927c18abc50cd0ef866c4f4255fa5b02e49808dec5dc213f6cfd68f1","blockHash":"0x191b55b50ced31732bc6d02a2c72b1ef92da0cf1d50020659d4ff069b9b1173a","blockNumber":81,"address":"0xE693777f011B1ED15AC3F8210fC21CB48De942E1","type":"mined","id":"log_4aacda5d","returnValues":{"0":"0","1":"0x1f60a7C633DF64183c524C511BCAE908d65DD70c","eventid":"0","creator":"0x1f60a7C633DF64183c524C511BCAE908d65DD70c"},"event":"EventCreated","signature":"0xe43349c008949cf6b65249356e6f918d4aaa0ca79f2b1166df4a4a98c9c16de2","raw":{"data":"0x","topics":["0xe43349c008949cf6b65249356e6f918d4aaa0ca79f2b1166df4a4a98c9c16de2","0x0000000000000000000000000000000000000000000000000000000000000000","0x0000000000000000000000001f60a7c633df64183c524c511bcae908d65dd70c"]}},"TicketsGenerated":{"logIndex":1,"transactionIndex":0,"transactionHash":"0x72443237927c18abc50cd0ef866c4f4255fa5b02e49808dec5dc213f6cfd68f1","blockHash":"0x191b55b50ced31732bc6d02a2c72b1ef92da0cf1d50020659d4ff069b9b1173a","blockNumber":81,"address":"0xE693777f011B1ED15AC3F8210fC21CB48De942E1","type":"mined","id":"log_9724a8b3","returnValues":{"0":"0","1":"2","2":"0x1f60a7C633DF64183c524C511BCAE908d65DD70c","eventid":"0","totalticket":"2","creator":"0x1f60a7C633DF64183c524C511BCAE908d65DD70c"},"event":"TicketsGenerated","signature":"0x6567ab497f12a760d234e0684de86536dce884c904386957d5877e165bfb32fa","raw":{"data":"0x","topics":["0x6567ab497f12a760d234e0684de86536dce884c904386957d5877e165bfb32fa","0x0000000000000000000000000000000000000000000000000000000000000000","0x0000000000000000000000000000000000000000000000000000000000000002","0x0000000000000000000000001f60a7c633df64183c524c511bcae908d65dd70c"]}}} 
info: Nov-09-2021 17:18:02: 	Connesso
info: Nov-09-2021 17:18:02: 	Connesso
info: Nov-09-2021 17:18:26: 	Connesso
info: Nov-09-2021 17:18:26: 	Connesso
info: Nov-09-2021 17:19:49: 	Connesso
info: Nov-09-2021 17:19:49: 	Connesso
info: Nov-09-2021 17:21:56: 	Connesso
info: Nov-09-2021 17:21:56: 	Connesso
info: Nov-09-2021 17:22:07: 	Evento creato || {"EventCreated":{"logIndex":0,"transactionIndex":0,"transactionHash":"0x623bab177bbb0132ddb737b1ff254489a86d1106b57fee35fce4023adaecbb7d","blockHash":"0xe3ec31cc7cdfb931c32618ed06a45830c9e9f86cc3dcefb04b1a56df2be81ca6","blockNumber":89,"address":"0xE693777f011B1ED15AC3F8210fC21CB48De942E1","type":"mined","id":"log_06ef6dd1","returnValues":{"0":"1","1":"0x1f60a7C633DF64183c524C511BCAE908d65DD70c","eventid":"1","creator":"0x1f60a7C633DF64183c524C511BCAE908d65DD70c"},"event":"EventCreated","signature":"0xe43349c008949cf6b65249356e6f918d4aaa0ca79f2b1166df4a4a98c9c16de2","raw":{"data":"0x","topics":["0xe43349c008949cf6b65249356e6f918d4aaa0ca79f2b1166df4a4a98c9c16de2","0x0000000000000000000000000000000000000000000000000000000000000001","0x0000000000000000000000001f60a7c633df64183c524c511bcae908d65dd70c"]}},"TicketsGenerated":{"logIndex":1,"transactionIndex":0,"transactionHash":"0x623bab177bbb0132ddb737b1ff254489a86d1106b57fee35fce4023adaecbb7d","blockHash":"0xe3ec31cc7cdfb931c32618ed06a45830c9e9f86cc3dcefb04b1a56df2be81ca6","blockNumber":89,"address":"0xE693777f011B1ED15AC3F8210fC21CB48De942E1","type":"mined","id":"log_f946ff76","returnValues":{"0":"1","1":"2","2":"0x1f60a7C633DF64183c524C511BCAE908d65DD70c","eventid":"1","totalticket":"2","creator":"0x1f60a7C633DF64183c524C511BCAE908d65DD70c"},"event":"TicketsGenerated","signature":"0x6567ab497f12a760d234e0684de86536dce884c904386957d5877e165bfb32fa","raw":{"data":"0x","topics":["0x6567ab497f12a760d234e0684de86536dce884c904386957d5877e165bfb32fa","0x0000000000000000000000000000000000000000000000000000000000000001","0x0000000000000000000000000000000000000000000000000000000000000002","0x0000000000000000000000001f60a7c633df64183c524c511bcae908d65dd70c"]}}} 
info: Nov-09-2021 17:22:11: 	Connesso
info: Nov-09-2021 17:22:11: 	Connesso
info: Nov-09-2021 17:23:24: 	Connesso
info: Nov-09-2021 17:23:24: 	Connesso
info: Nov-09-2021 17:24:13: 	Evento creato || {"EventCreated":{"logIndex":0,"transactionIndex":0,"transactionHash":"0xbe13c345953988073ef01c960e840dc9c3e9d97454e5d1442586a79c1741720f","blockHash":"0x31ed017e2141b71ee27e2786dcb3f62a745c9fda0385d40b50b25f0e40303a43","blockNumber":96,"address":"0xE693777f011B1ED15AC3F8210fC21CB48De942E1","type":"mined","id":"log_dbba4d1c","returnValues":{"0":"2","1":"0x1f60a7C633DF64183c524C511BCAE908d65DD70c","eventid":"2","creator":"0x1f60a7C633DF64183c524C511BCAE908d65DD70c"},"event":"EventCreated","signature":"0xe43349c008949cf6b65249356e6f918d4aaa0ca79f2b1166df4a4a98c9c16de2","raw":{"data":"0x","topics":["0xe43349c008949cf6b65249356e6f918d4aaa0ca79f2b1166df4a4a98c9c16de2","0x0000000000000000000000000000000000000000000000000000000000000002","0x0000000000000000000000001f60a7c633df64183c524c511bcae908d65dd70c"]}},"TicketsGenerated":{"logIndex":1,"transactionIndex":0,"transactionHash":"0xbe13c345953988073ef01c960e840dc9c3e9d97454e5d1442586a79c1741720f","blockHash":"0x31ed017e2141b71ee27e2786dcb3f62a745c9fda0385d40b50b25f0e40303a43","blockNumber":96,"address":"0xE693777f011B1ED15AC3F8210fC21CB48De942E1","type":"mined","id":"log_24e3e7e8","returnValues":{"0":"2","1":"2","2":"0x1f60a7C633DF64183c524C511BCAE908d65DD70c","eventid":"2","totalticket":"2","creator":"0x1f60a7C633DF64183c524C511BCAE908d65DD70c"},"event":"TicketsGenerated","signature":"0x6567ab497f12a760d234e0684de86536dce884c904386957d5877e165bfb32fa","raw":{"data":"0x","topics":["0x6567ab497f12a760d234e0684de86536dce884c904386957d5877e165bfb32fa","0x0000000000000000000000000000000000000000000000000000000000000002","0x0000000000000000000000000000000000000000000000000000000000000002","0x0000000000000000000000001f60a7c633df64183c524c511bcae908d65dd70c"]}}} 
