info: Nov-09-2021 17:48:05: 	Connesso
info: Nov-09-2021 17:48:05: 	Connesso
info: Nov-09-2021 17:58:26: 	Connesso
info: Nov-09-2021 17:58:26: 	Connesso
info: Nov-09-2021 18:09:05: 	Connesso
info: Nov-09-2021 18:09:05: 	Connesso
info: Nov-09-2021 18:09:32: 	Connesso
info: Nov-09-2021 18:09:32: 	Connesso
info: Nov-09-2021 18:27:10: 	Connesso
info: Nov-09-2021 18:27:10: 	Connesso
info: Nov-09-2021 18:34:08: 	Connesso
info: Nov-09-2021 18:34:08: 	Connesso
info: Nov-09-2021 19:00:29: 	Connesso
info: Nov-09-2021 19:00:29: 	Connesso
info: Nov-09-2021 19:02:54: 	Connesso
info: Nov-09-2021 19:02:54: 	Connesso
info: Nov-09-2021 19:03:15: 	Connesso
info: Nov-09-2021 19:03:15: 	Connesso
info: Nov-09-2021 19:03:52: 	Connesso
info: Nov-09-2021 19:03:52: 	Connesso
info: Nov-09-2021 19:04:37: 	Connesso
info: Nov-09-2021 19:04:37: 	Connesso
info: Nov-09-2021 19:04:53: 	Connesso
info: Nov-09-2021 19:04:53: 	Connesso
info: Nov-09-2021 19:05:26: 	Connesso
info: Nov-09-2021 19:05:26: 	Connesso
info: Nov-09-2021 19:05:54: 	Connesso
info: Nov-09-2021 19:05:54: 	Connesso
info: Nov-09-2021 19:07:01: 	Connesso
info: Nov-09-2021 19:07:01: 	Connesso
info: Nov-09-2021 19:07:01: 	Connesso
info: Nov-09-2021 19:07:01: 	Connesso
info: Nov-09-2021 19:08:42: 	Connesso
info: Nov-09-2021 19:08:42: 	Connesso
info: Nov-09-2021 19:08:42: 	Connesso
info: Nov-09-2021 19:08:42: 	Connesso
info: Nov-09-2021 19:08:45: 	Connesso
info: Nov-09-2021 19:08:45: 	Connesso
info: Nov-09-2021 19:08:45: 	Connesso
info: Nov-09-2021 19:08:45: 	Connesso
info: Nov-09-2021 19:08:52: 	Connesso
info: Nov-09-2021 19:08:52: 	Connesso
info: Nov-09-2021 19:08:52: 	Connesso
info: Nov-09-2021 19:08:52: 	Connesso
info: Nov-09-2021 19:09:04: 	Connesso
info: Nov-09-2021 19:09:04: 	Connesso
info: Nov-09-2021 19:09:04: 	Connesso
info: Nov-09-2021 19:09:04: 	Connesso
info: Nov-09-2021 19:09:32: 	Connesso
info: Nov-09-2021 19:09:32: 	Connesso
info: Nov-09-2021 19:09:32: 	Connesso
info: Nov-09-2021 19:09:32: 	Connesso
info: Nov-09-2021 19:09:38: 	Connesso
info: Nov-09-2021 19:09:38: 	Connesso
info: Nov-09-2021 19:09:38: 	Connesso
info: Nov-09-2021 19:09:38: 	Connesso
info: Nov-09-2021 19:11:01: 	Connesso
info: Nov-09-2021 19:11:01: 	Connesso
info: Nov-09-2021 19:11:01: 	Connesso
info: Nov-09-2021 19:11:01: 	Connesso
info: Nov-09-2021 19:17:38: 	Connesso
info: Nov-09-2021 19:17:38: 	Connesso
info: Nov-09-2021 19:17:38: 	Connesso
info: Nov-09-2021 19:17:38: 	Connesso
info: Nov-09-2021 19:17:50: 	Connesso
info: Nov-09-2021 19:17:50: 	Connesso
info: Nov-09-2021 19:17:50: 	Connesso
info: Nov-09-2021 19:17:50: 	Connesso
info: Nov-09-2021 19:17:51: 	Connesso
info: Nov-09-2021 19:17:51: 	Connesso
info: Nov-09-2021 19:17:51: 	Connesso
info: Nov-09-2021 19:17:51: 	Connesso
info: Nov-09-2021 19:17:55: 	Connesso
info: Nov-09-2021 19:17:55: 	Connesso
info: Nov-09-2021 19:17:55: 	Connesso
info: Nov-09-2021 19:17:55: 	Connesso
info: Nov-09-2021 19:17:57: 	Connesso
info: Nov-09-2021 19:17:57: 	Connesso
info: Nov-09-2021 19:17:57: 	Connesso
info: Nov-09-2021 19:17:57: 	Connesso
info: Nov-09-2021 19:18:08: 	Connesso
info: Nov-09-2021 19:18:08: 	Connesso
info: Nov-09-2021 19:18:08: 	Connesso
info: Nov-09-2021 19:18:08: 	Connesso
info: Nov-09-2021 19:18:22: 	Connesso
info: Nov-09-2021 19:18:22: 	Connesso
info: Nov-09-2021 19:19:58: 	Connesso
info: Nov-09-2021 19:19:58: 	Connesso
info: Nov-09-2021 19:31:45: 	Connected: 0x1f60a7C633DF64183c524C511BCAE908d65DD70c
info: Nov-09-2021 19:31:45: 	Connected: 0x1f60a7C633DF64183c524C511BCAE908d65DD70c
info: Nov-09-2021 19:47:19: 	Connected: 0x1f60a7C633DF64183c524C511BCAE908d65DD70c
info: Nov-09-2021 19:47:19: 	Connected: 0x1f60a7C633DF64183c524C511BCAE908d65DD70c
info: Nov-09-2021 19:47:27: 	Connected: 0x1f60a7C633DF64183c524C511BCAE908d65DD70c
info: Nov-09-2021 19:47:27: 	Connected: 0x1f60a7C633DF64183c524C511BCAE908d65DD70c
info: Nov-09-2021 19:47:35: 	Connected with account: 0x1f60a7C633DF64183c524C511BCAE908d65DD70c
info: Nov-09-2021 19:47:35: 	Connected with account: 0x1f60a7C633DF64183c524C511BCAE908d65DD70c
info: Nov-09-2021 19:47:45: 	Connected with account: 0x1f60a7C633DF64183c524C511BCAE908d65DD70c
info: Nov-09-2021 19:47:45: 	Connected with account: 0x1f60a7C633DF64183c524C511BCAE908d65DD70c
info: Nov-09-2021 19:54:14: 	Connected with account: 0x1f60a7C633DF64183c524C511BCAE908d65DD70c
info: Nov-09-2021 19:54:14: 	Connected with account: 0x1f60a7C633DF64183c524C511BCAE908d65DD70c
info: Nov-09-2021 20:01:54: 	Connected with account: 0x1f60a7C633DF64183c524C511BCAE908d65DD70c
info: Nov-09-2021 20:01:54: 	Connected with account: 0x1f60a7C633DF64183c524C511BCAE908d65DD70c
info: Nov-09-2021 20:05:49: 	Connected with account: 0x1f60a7C633DF64183c524C511BCAE908d65DD70c
info: Nov-09-2021 20:05:49: 	Connected with account: 0x1f60a7C633DF64183c524C511BCAE908d65DD70c
info: Nov-09-2021 20:05:51: 	Connected with account: 0x1f60a7C633DF64183c524C511BCAE908d65DD70c
info: Nov-09-2021 20:05:51: 	Connected with account: 0x1f60a7C633DF64183c524C511BCAE908d65DD70c
info: Nov-09-2021 20:05:56: 	Connected with account: 0x1f60a7C633DF64183c524C511BCAE908d65DD70c
info: Nov-09-2021 20:05:56: 	Connected with account: 0x1f60a7C633DF64183c524C511BCAE908d65DD70c
info: Nov-09-2021 20:12:11: 	Connected with account  : 0x1f60a7C633DF64183c524C511BCAE908d65DD70c
warn: Nov-09-2021 20:12:11: 	Connected with account  : 0x1f60a7C633DF64183c524C511BCAE908d65DD70c
error: Nov-09-2021 20:12:11: 	Connected with account  : 0x1f60a7C633DF64183c524C511BCAE908d65DD70c
info: Nov-09-2021 20:12:11: 	Connected with account event manager : 0x1f60a7C633DF64183c524C511BCAE908d65DD70c
warn: Nov-09-2021 20:12:11: 	Connected with account event manager : 0x1f60a7C633DF64183c524C511BCAE908d65DD70c
error: Nov-09-2021 20:12:11: 	Connected with account event manager : 0x1f60a7C633DF64183c524C511BCAE908d65DD70c
info: Nov-09-2021 20:13:40: 	Connected with account  : 0x1f60a7C633DF64183c524C511BCAE908d65DD70c
info: Nov-09-2021 20:13:40: 	Connected with account event manager : 0x1f60a7C633DF64183c524C511BCAE908d65DD70c
info: Nov-09-2021 20:14:23: 	Connected with account  : 0x1f60a7C633DF64183c524C511BCAE908d65DD70c
info: Nov-09-2021 20:14:23: 	Connected with account event manager : 0x1f60a7C633DF64183c524C511BCAE908d65DD70c
info: Nov-09-2021 20:14:39: 	Connected with account  : 0x1f60a7C633DF64183c524C511BCAE908d65DD70c
info: Nov-09-2021 20:14:39: 	Connected with account event manager : 0x1f60a7C633DF64183c524C511BCAE908d65DD70c
info: Nov-09-2021 20:16:45: 	Connected with account  : 0x1f60a7C633DF64183c524C511BCAE908d65DD70c
info: Nov-09-2021 20:16:45: 	Connected with account event manager : 0x1f60a7C633DF64183c524C511BCAE908d65DD70c
info: Nov-09-2021 20:16:55: 	Connected with account  : 0x1f60a7C633DF64183c524C511BCAE908d65DD70c
info: Nov-09-2021 20:16:55: 	Connected with account event manager : 0x1f60a7C633DF64183c524C511BCAE908d65DD70c
info: Nov-09-2021 20:17:07: 	Connected with account  : 0x1f60a7C633DF64183c524C511BCAE908d65DD70c
info: Nov-09-2021 20:17:07: 	Connected with account event manager : 0x1f60a7C633DF64183c524C511BCAE908d65DD70c
info: Nov-09-2021 20:17:23: 	Connected with account  : 0x1f60a7C633DF64183c524C511BCAE908d65DD70c
info: Nov-09-2021 20:17:23: 	Connected with account event manager : 0x1f60a7C633DF64183c524C511BCAE908d65DD70c
info: Nov-09-2021 20:17:33: 	Connected with account  : 0x1f60a7C633DF64183c524C511BCAE908d65DD70c
info: Nov-09-2021 20:17:33: 	Connected with account event manager : 0x1f60a7C633DF64183c524C511BCAE908d65DD70c
info: Nov-09-2021 20:18:13: 	Connected with account  : 0x1f60a7C633DF64183c524C511BCAE908d65DD70c
info: Nov-09-2021 20:18:13: 	Connected with account event manager : 0x1f60a7C633DF64183c524C511BCAE908d65DD70c
info: Nov-09-2021 20:18:48: 	Connected with account  : 0x1f60a7C633DF64183c524C511BCAE908d65DD70c
info: Nov-09-2021 20:18:48: 	Connected with account event manager : 0x1f60a7C633DF64183c524C511BCAE908d65DD70c
info: Nov-09-2021 20:21:22: 	Connected with account  : 0x1f60a7C633DF64183c524C511BCAE908d65DD70c
info: Nov-09-2021 20:21:22: 	Connected with account event manager : 0x1f60a7C633DF64183c524C511BCAE908d65DD70c
info: Nov-09-2021 20:24:51: 	Connected with account  : 0x1f60a7C633DF64183c524C511BCAE908d65DD70c
info: Nov-09-2021 20:24:51: 	Connected with account event manager : 0x1f60a7C633DF64183c524C511BCAE908d65DD70c
info: Nov-09-2021 20:26:01: 	Connected with account  : 0x1f60a7C633DF64183c524C511BCAE908d65DD70c
info: Nov-09-2021 20:26:01: 	Connected with account event manager : 0x1f60a7C633DF64183c524C511BCAE908d65DD70c
info: Nov-09-2021 20:26:25: 	Connected with account  : 0x1f60a7C633DF64183c524C511BCAE908d65DD70c
info: Nov-09-2021 20:26:25: 	Connected with account event manager : 0x1f60a7C633DF64183c524C511BCAE908d65DD70c
info: Nov-09-2021 20:26:30: 	Connected with account  : 0x1f60a7C633DF64183c524C511BCAE908d65DD70c
info: Nov-09-2021 20:26:30: 	Connected with account event manager : 0x1f60a7C633DF64183c524C511BCAE908d65DD70c
info: Nov-09-2021 20:26:51: 	Connected with account  : 0x1f60a7C633DF64183c524C511BCAE908d65DD70c
info: Nov-09-2021 20:26:52: 	Connected with account event manager : 0x1f60a7C633DF64183c524C511BCAE908d65DD70c
info: Nov-09-2021 21:01:06: 	Connected with account  : 0x1f60a7C633DF64183c524C511BCAE908d65DD70c
info: Nov-09-2021 21:01:06: 	Connected with account event manager : 0x1f60a7C633DF64183c524C511BCAE908d65DD70c
info: Nov-09-2021 21:01:19: 	Evento creato[object Object]
info: Nov-09-2021 21:03:10: 	Created event with address undefined from user 0x1f60a7C633DF64183c524C511BCAE908d65DD70c
info: Nov-09-2021 21:04:06: 	Created event with address undefined from user 0x1f60a7C633DF64183c524C511BCAE908d65DD70c
info: Nov-09-2021 21:04:27: 	Created event with address undefined from user 0x1f60a7C633DF64183c524C511BCAE908d65DD70c
info: Nov-09-2021 21:09:30: 	Connected with account  : 0x1f60a7C633DF64183c524C511BCAE908d65DD70c
info: Nov-09-2021 21:09:30: 	Connected with account event manager : 0x1f60a7C633DF64183c524C511BCAE908d65DD70c
info: Nov-09-2021 21:09:49: 	Connected with account  : 0xEA59ee4d7f769cc37E08ABcDE56fB403d0606D43
info: Nov-09-2021 21:09:49: 	Connected with account buyer : 0xEA59ee4d7f769cc37E08ABcDE56fB403d0606D43
info: Nov-09-2021 21:09:55: 	Connected with account  : 0x1f60a7C633DF64183c524C511BCAE908d65DD70c
info: Nov-09-2021 21:09:55: 	Connected with account event manager : 0x1f60a7C633DF64183c524C511BCAE908d65DD70c
info: Nov-09-2021 21:10:09: 	Created event: {}
info: Nov-09-2021 21:10:38: 	Connected with account  : 0xEA59ee4d7f769cc37E08ABcDE56fB403d0606D43
info: Nov-09-2021 21:10:38: 	Connected with account buyer : 0xEA59ee4d7f769cc37E08ABcDE56fB403d0606D43
info: Nov-09-2021 21:12:56: 	Connected with account  : 0x1f60a7C633DF64183c524C511BCAE908d65DD70c
info: Nov-09-2021 21:12:56: 	Connected with account event manager : 0x1f60a7C633DF64183c524C511BCAE908d65DD70c
info: Nov-09-2021 21:14:33: 	Connected with account  : 0x1f60a7C633DF64183c524C511BCAE908d65DD70c
info: Nov-09-2021 21:14:33: 	Connected with account event manager : 0x1f60a7C633DF64183c524C511BCAE908d65DD70c
info: Nov-09-2021 21:14:59: 	Created event: {"EventCreated":{"logIndex":0,"transactionIndex":0,"transactionHash":"0x6771702336f30d55944ed3c4ebd489fde4453ca92410e8a9885badf3db15fcb7","blockHash":"0x63083e3744006b7db478405c318acec149871d2b79cfd8ff719951a5ec05f659","blockNumber":23,"address":"0x178A1658B64CcCc8e7CA7775982Aa37647e5C71B","type":"mined","id":"log_8b96988e","returnValues":{"0":"0","1":"0x1f60a7C633DF64183c524C511BCAE908d65DD70c","eventid":"0","creator":"0x1f60a7C633DF64183c524C511BCAE908d65DD70c"},"event":"EventCreated","signature":"0xe43349c008949cf6b65249356e6f918d4aaa0ca79f2b1166df4a4a98c9c16de2","raw":{"data":"0x","topics":["0xe43349c008949cf6b65249356e6f918d4aaa0ca79f2b1166df4a4a98c9c16de2","0x0000000000000000000000000000000000000000000000000000000000000000","0x0000000000000000000000001f60a7c633df64183c524c511bcae908d65dd70c"]}},"TicketsGenerated":{"logIndex":1,"transactionIndex":0,"transactionHash":"0x6771702336f30d55944ed3c4ebd489fde4453ca92410e8a9885badf3db15fcb7","blockHash":"0x63083e3744006b7db478405c318acec149871d2b79cfd8ff719951a5ec05f659","blockNumber":23,"address":"0x178A1658B64CcCc8e7CA7775982Aa37647e5C71B","type":"mined","id":"log_21917b22","returnValues":{"0":"0","1":"1","2":"0x1f60a7C633DF64183c524C511BCAE908d65DD70c","eventid":"0","totalticket":"1","creator":"0x1f60a7C633DF64183c524C511BCAE908d65DD70c"},"event":"TicketsGenerated","signature":"0x6567ab497f12a760d234e0684de86536dce884c904386957d5877e165bfb32fa","raw":{"data":"0x","topics":["0x6567ab497f12a760d234e0684de86536dce884c904386957d5877e165bfb32fa","0x0000000000000000000000000000000000000000000000000000000000000000","0x0000000000000000000000000000000000000000000000000000000000000001","0x0000000000000000000000001f60a7c633df64183c524c511bcae908d65dd70c"]}}}
info: Nov-09-2021 21:19:38: 	Finish the event: {"EventFinished":{"logIndex":0,"transactionIndex":0,"transactionHash":"0xfba0cfc7486f1e09942869d0c610a1ddd49b3df414de96965b100d5a103bf999","blockHash":"0x5af3bfde4b61252990652eca7fbe13d96b9da4ec35c0ec07b97bb0ffea1c1b2b","blockNumber":24,"address":"0x178A1658B64CcCc8e7CA7775982Aa37647e5C71B","type":"mined","id":"log_a499ba1e","returnValues":{"0":"0","1":"0x1f60a7C633DF64183c524C511BCAE908d65DD70c","eventid":"0","creator":"0x1f60a7C633DF64183c524C511BCAE908d65DD70c"},"event":"EventFinished","signature":"0xb15d3899a0a77e20f0c368865d76be846e277b8cac84cddf244f45748709720a","raw":{"data":"0x","topics":["0xb15d3899a0a77e20f0c368865d76be846e277b8cac84cddf244f45748709720a","0x0000000000000000000000000000000000000000000000000000000000000000","0x0000000000000000000000001f60a7c633df64183c524c511bcae908d65dd70c"]}}}
info: Nov-09-2021 21:20:11: 	Connected with account  : 0xEA59ee4d7f769cc37E08ABcDE56fB403d0606D43
info: Nov-09-2021 21:20:11: 	Connected with account buyer : 0xEA59ee4d7f769cc37E08ABcDE56fB403d0606D43
info: Nov-09-2021 21:20:20: 	Connected with account  : 0x1f60a7C633DF64183c524C511BCAE908d65DD70c
info: Nov-09-2021 21:20:20: 	Connected with account event manager : 0x1f60a7C633DF64183c524C511BCAE908d65DD70c
info: Nov-09-2021 21:20:34: 	Created event: {"EventCreated":{"logIndex":0,"transactionIndex":0,"transactionHash":"0x47a204edfbc9c2b5273cd204740b33d72b9e33b1ef3e7758dbdea65b6ee51ed2","blockHash":"0x9e1514043def9e7e37c089978d4243442fa5a3c288e1ae0c14559418dd6eea5b","blockNumber":25,"address":"0x178A1658B64CcCc8e7CA7775982Aa37647e5C71B","type":"mined","id":"log_23499454","returnValues":{"0":"1","1":"0x1f60a7C633DF64183c524C511BCAE908d65DD70c","eventid":"1","creator":"0x1f60a7C633DF64183c524C511BCAE908d65DD70c"},"event":"EventCreated","signature":"0xe43349c008949cf6b65249356e6f918d4aaa0ca79f2b1166df4a4a98c9c16de2","raw":{"data":"0x","topics":["0xe43349c008949cf6b65249356e6f918d4aaa0ca79f2b1166df4a4a98c9c16de2","0x0000000000000000000000000000000000000000000000000000000000000001","0x0000000000000000000000001f60a7c633df64183c524c511bcae908d65dd70c"]}},"TicketsGenerated":{"logIndex":1,"transactionIndex":0,"transactionHash":"0x47a204edfbc9c2b5273cd204740b33d72b9e33b1ef3e7758dbdea65b6ee51ed2","blockHash":"0x9e1514043def9e7e37c089978d4243442fa5a3c288e1ae0c14559418dd6eea5b","blockNumber":25,"address":"0x178A1658B64CcCc8e7CA7775982Aa37647e5C71B","type":"mined","id":"log_cf30107e","returnValues":{"0":"1","1":"1","2":"0x1f60a7C633DF64183c524C511BCAE908d65DD70c","eventid":"1","totalticket":"1","creator":"0x1f60a7C633DF64183c524C511BCAE908d65DD70c"},"event":"TicketsGenerated","signature":"0x6567ab497f12a760d234e0684de86536dce884c904386957d5877e165bfb32fa","raw":{"data":"0x","topics":["0x6567ab497f12a760d234e0684de86536dce884c904386957d5877e165bfb32fa","0x0000000000000000000000000000000000000000000000000000000000000001","0x0000000000000000000000000000000000000000000000000000000000000001","0x0000000000000000000000001f60a7c633df64183c524c511bcae908d65dd70c"]}}}
info: Nov-09-2021 21:20:44: 	Connected with account  : 0xEA59ee4d7f769cc37E08ABcDE56fB403d0606D43
info: Nov-09-2021 21:20:44: 	Connected with account buyer : 0xEA59ee4d7f769cc37E08ABcDE56fB403d0606D43
info: Nov-09-2021 21:20:55: 	Buy the ticket: {"0":{"logIndex":0,"transactionIndex":0,"transactionHash":"0xc61f604be6bcaf345f16bdc8b33daa0285edb0326a377efbd2ad7ed4a9cb098f","blockHash":"0x3c373ba23f86468b23e9b989ce03cab55efafc8f2d209204dff4afde6b803b20","blockNumber":27,"address":"0x178A1658B64CcCc8e7CA7775982Aa37647e5C71B","type":"mined","id":"log_7088d15b","returnValues":{},"signature":null,"raw":{"data":"0x0000000000000000000000000000000000000000000000000000000000000001","topics":["0xc41bbb54d04f2268c7895b9330f18468c306a3f92698a92c4c86b29787397848","0x0000000000000000000000000000000000000000000000000000000000000001","0x000000000000000000000000ea59ee4d7f769cc37e08abcde56fb403d0606d43"]}},"TicketBought":{"logIndex":1,"transactionIndex":0,"transactionHash":"0xc61f604be6bcaf345f16bdc8b33daa0285edb0326a377efbd2ad7ed4a9cb098f","blockHash":"0x3c373ba23f86468b23e9b989ce03cab55efafc8f2d209204dff4afde6b803b20","blockNumber":27,"address":"0x92D761661B45AC77DF28deb8a4B19E71fe487D9F","type":"mined","id":"log_29bbdab9","returnValues":{"0":"1","1":"1","2":"0xEA59ee4d7f769cc37E08ABcDE56fB403d0606D43","3":"ddd","4":"ssd","eventid":"1","ticketid":"1","customer":"0xEA59ee4d7f769cc37E08ABcDE56fB403d0606D43","name":"ddd","surname":"ssd"},"event":"TicketBought","signature":"0xc073852439b7cebd8fbfdd12c4924da008c2f62fcf2be27951090ed91d64e5f3","raw":{"data":"0x000000000000000000000000000000000000000000000000000000000000004000000000000000000000000000000000000000000000000000000000000000800000000000000000000000000000000000000000000000000000000000000003646464000000000000000000000000000000000000000000000000000000000000000000000000000000000000000000000000000000000000000000000000037373640000000000000000000000000000000000000000000000000000000000","topics":["0xc073852439b7cebd8fbfdd12c4924da008c2f62fcf2be27951090ed91d64e5f3","0x0000000000000000000000000000000000000000000000000000000000000001","0x0000000000000000000000000000000000000000000000000000000000000001","0x000000000000000000000000ea59ee4d7f769cc37e08abcde56fb403d0606d43"]}}}
info: Nov-09-2021 21:21:05: 	Connected with account  : 0x755E4DAA0f81c115451b76e9998e1BBA3B11602F
info: Nov-09-2021 21:21:05: 	Connected with account validator : 0x755E4DAA0f81c115451b76e9998e1BBA3B11602F
info: Nov-09-2021 21:21:12: 	Validate ticket: {"TicketValidated":{"logIndex":0,"transactionIndex":0,"transactionHash":"0xf78d12173933b92cdadf9215ec5b6646f0cf98234b7416cceb616871401e2542","blockHash":"0xc2fccc335f1aadac57b88c4103ac3ba4c2773fe481fc2cbb09188ec377d91505","blockNumber":28,"address":"0x92D761661B45AC77DF28deb8a4B19E71fe487D9F","type":"mined","id":"log_72a8fc32","returnValues":{"0":"1","1":"0x755E4DAA0f81c115451b76e9998e1BBA3B11602F","ticketid":"1","validator":"0x755E4DAA0f81c115451b76e9998e1BBA3B11602F"},"event":"TicketValidated","signature":"0x7523a5038b0221808d5987c7a4c3a6d9074ed76bf247f76665b2ed493e8fd1fb","raw":{"data":"0x","topics":["0x7523a5038b0221808d5987c7a4c3a6d9074ed76bf247f76665b2ed493e8fd1fb","0x0000000000000000000000000000000000000000000000000000000000000001","0x000000000000000000000000755e4daa0f81c115451b76e9998e1bba3b11602f"]}}}
